<?xml version="1.0" encoding="UTF-8"?>
<!-- Generated by org.testng.reporters.JUnitXMLReporter -->
<testsuite hostname="xyz-PC" ignored="0" name="Default test" tests="4" failures="0" timestamp="01 Feb 2021 08:50:39 GMT" time="8.168" errors="0">
  <testcase name="testGetUsers" time="5.476" classname="com.api.testCases"/>
  <testcase name="addnewUser" time="1.363" classname="com.api.testCases"/>
  <testcase name="getUser" time="0.444" classname="com.api.testCases"/>
  <testcase name="testDelete" time="0.785" classname="com.api.testCases"/>
</testsuite> <!-- Default test -->
