<?xml version="1.0" encoding="UTF-8"?>
<!-- Generated by org.testng.reporters.JUnitXMLReporter -->
<testsuite hostname="xyz-PC" ignored="0" name="Default test" tests="4" failures="0" timestamp="02 Feb 2021 13:27:27 GMT" time="8.619" errors="0">
  <testcase name="testGetUsers" time="5.321" classname="com.api.testCases"/>
  <testcase name="addnewUser" time="1.147" classname="com.api.testCases"/>
  <testcase name="getUser" time="0.344" classname="com.api.testCases"/>
  <testcase name="testDelete" time="0.73" classname="com.api.testCases"/>
</testsuite> <!-- Default test -->
