<?xml version="1.0" encoding="UTF-8"?>
<!-- Generated by org.testng.reporters.JUnitXMLReporter -->
<testsuite hostname="xyz-PC" ignored="0" name="Test" tests="4" failures="0" timestamp="08 Feb 2021 05:58:01 GMT" time="8.076" errors="0">
  <testcase name="testGetUsers" time="4.956" classname="com.api.testCases"/>
  <testcase name="addnewUser" time="1.244" classname="com.api.testCases"/>
  <testcase name="getUser" time="0.319" classname="com.api.testCases"/>
  <testcase name="testDelete" time="0.803" classname="com.api.testCases"/>
</testsuite> <!-- Test -->
