<?xml version="1.0" encoding="UTF-8"?>
<!-- Generated by org.testng.reporters.JUnitXMLReporter -->
<testsuite hostname="xyz-PC" ignored="0" name="Test" tests="4" failures="0" timestamp="08 Feb 2021 12:58:12 GMT" time="7.879" errors="0">
  <testcase name="testGetUsers" time="4.766" classname="com.api.testCases"/>
  <testcase name="addnewUser" time="1.248" classname="com.api.testCases"/>
  <testcase name="getUser" time="0.609" classname="com.api.testCases"/>
  <testcase name="testDelete" time="0.541" classname="com.api.testCases"/>
</testsuite> <!-- Test -->
