<?xml version="1.0" encoding="UTF-8"?>
<testng-results skipped="0" failed="0" ignored="0" total="4" passed="4">
  <reporter-output>
  </reporter-output>
  <suite name="Suite" duration-ms="7879" started-at="2021-02-08T12:58:04Z" finished-at="2021-02-08T12:58:12Z">
    <groups>
    </groups>
    <test name="Test" duration-ms="7879" started-at="2021-02-08T12:58:04Z" finished-at="2021-02-08T12:58:12Z">
      <class name="com.api.testCases">
        <test-method status="PASS" signature="setUpSuite()[pri:0, instance:com.api.testCases@fb434]" name="setUpSuite" is-config="true" duration-ms="320" started-at="2021-02-08T12:58:04Z" finished-at="2021-02-08T12:58:04Z">
          <reporter-output>
          </reporter-output>
        </test-method> <!-- setUpSuite -->
        <test-method status="PASS" signature="testGetUsers()[pri:1, instance:com.api.testCases@fb434]" name="testGetUsers" duration-ms="4766" started-at="2021-02-08T12:58:04Z" finished-at="2021-02-08T12:58:09Z">
          <reporter-output>
          </reporter-output>
        </test-method> <!-- testGetUsers -->
        <test-method status="PASS" signature="tearDownMethod()[pri:0, instance:com.api.testCases@fb434]" name="tearDownMethod" is-config="true" duration-ms="459" started-at="2021-02-08T12:58:09Z" finished-at="2021-02-08T12:58:10Z">
          <reporter-output>
          </reporter-output>
        </test-method> <!-- tearDownMethod -->
        <test-method status="PASS" signature="addnewUser()[pri:2, instance:com.api.testCases@fb434]" name="addnewUser" duration-ms="1248" started-at="2021-02-08T12:58:10Z" finished-at="2021-02-08T12:58:11Z">
          <reporter-output>
          </reporter-output>
        </test-method> <!-- addnewUser -->
        <test-method status="PASS" signature="tearDownMethod()[pri:0, instance:com.api.testCases@fb434]" name="tearDownMethod" is-config="true" duration-ms="65" started-at="2021-02-08T12:58:11Z" finished-at="2021-02-08T12:58:11Z">
          <reporter-output>
          </reporter-output>
        </test-method> <!-- tearDownMethod -->
        <test-method status="PASS" signature="getUser()[pri:3, instance:com.api.testCases@fb434]" name="getUser" duration-ms="609" started-at="2021-02-08T12:58:11Z" finished-at="2021-02-08T12:58:12Z">
          <reporter-output>
          </reporter-output>
        </test-method> <!-- getUser -->
        <test-method status="PASS" signature="tearDownMethod()[pri:0, instance:com.api.testCases@fb434]" name="tearDownMethod" is-config="true" duration-ms="75" started-at="2021-02-08T12:58:12Z" finished-at="2021-02-08T12:58:12Z">
          <reporter-output>
          </reporter-output>
        </test-method> <!-- tearDownMethod -->
        <test-method status="PASS" signature="testDelete()[pri:4, instance:com.api.testCases@fb434]" name="testDelete" duration-ms="541" started-at="2021-02-08T12:58:12Z" finished-at="2021-02-08T12:58:12Z">
          <reporter-output>
          </reporter-output>
        </test-method> <!-- testDelete -->
        <test-method status="PASS" signature="tearDownMethod()[pri:0, instance:com.api.testCases@fb434]" name="tearDownMethod" is-config="true" duration-ms="76" started-at="2021-02-08T12:58:12Z" finished-at="2021-02-08T12:58:12Z">
          <reporter-output>
          </reporter-output>
        </test-method> <!-- tearDownMethod -->
      </class> <!-- com.api.testCases -->
    </test> <!-- Test -->
  </suite> <!-- Suite -->
</testng-results>
