<?xml version="1.0" encoding="UTF-8"?>
<testng-results skipped="0" failed="0" ignored="0" total="2" passed="2">
  <reporter-output>
  </reporter-output>
  <suite name="Suite" duration-ms="6425" started-at="2021-02-01T05:14:07Z" finished-at="2021-02-01T05:14:14Z">
    <groups>
    </groups>
    <test name="Test" duration-ms="6425" started-at="2021-02-01T05:14:07Z" finished-at="2021-02-01T05:14:14Z">
      <class name="com.api.testCases">
        <test-method status="PASS" signature="addnewUser()[pri:0, instance:com.api.testCases@1464ce8]" name="addnewUser" duration-ms="5316" started-at="2021-02-01T05:14:07Z" finished-at="2021-02-01T05:14:13Z">
          <reporter-output>
          </reporter-output>
        </test-method> <!-- addnewUser -->
        <test-method status="PASS" signature="testGetUsers()[pri:0, instance:com.api.testCases@1464ce8]" name="testGetUsers" duration-ms="1046" started-at="2021-02-01T05:14:13Z" finished-at="2021-02-01T05:14:14Z">
          <reporter-output>
          </reporter-output>
        </test-method> <!-- testGetUsers -->
      </class> <!-- com.api.testCases -->
    </test> <!-- Test -->
  </suite> <!-- Suite -->
</testng-results>
