<?xml version="1.0" encoding="UTF-8"?>
<testng-results skipped="0" failed="0" ignored="0" total="2" passed="2">
  <reporter-output>
  </reporter-output>
  <suite name="Default suite" duration-ms="9773" started-at="2021-02-01T04:03:55Z" finished-at="2021-02-01T04:04:04Z">
    <groups>
    </groups>
    <test name="Default test" duration-ms="9773" started-at="2021-02-01T04:03:55Z" finished-at="2021-02-01T04:04:04Z">
      <class name="com.api.testCases">
        <test-method status="PASS" signature="addnewUser()[pri:0, instance:com.api.testCases@e26948]" name="addnewUser" duration-ms="8096" started-at="2021-02-01T04:03:55Z" finished-at="2021-02-01T04:04:03Z">
          <reporter-output>
          </reporter-output>
        </test-method> <!-- addnewUser -->
        <test-method status="PASS" signature="testGetUsers()[pri:0, instance:com.api.testCases@e26948]" name="testGetUsers" duration-ms="1476" started-at="2021-02-01T04:04:03Z" finished-at="2021-02-01T04:04:04Z">
          <reporter-output>
          </reporter-output>
        </test-method> <!-- testGetUsers -->
      </class> <!-- com.api.testCases -->
    </test> <!-- Default test -->
  </suite> <!-- Default suite -->
</testng-results>
